<?xml version="1.0" encoding="UTF-8"?>
<!-- Generated by org.testng.reporters.JUnitReportReporter -->
<testsuite hostname="LTIN339106" name="com.attends.TestCases.ProductSelect" tests="1" failures="0" timestamp="1 Dec 2021 06:06:59 GMT" time="40.142" errors="0">
  <testcase name="productselect" time="40.142" classname="com.attends.TestCases.ProductSelect"/>
</testsuite> <!-- com.attends.TestCases.ProductSelect -->
