<?xml version="1.0" encoding="UTF-8"?>
<!-- Generated by org.testng.reporters.JUnitReportReporter -->
<testsuite hostname="LTIN339106" name="com.attends.TestCases.TryItFree" tests="1" failures="0" timestamp="1 Dec 2021 06:06:59 GMT" time="9.882" errors="0">
  <testcase name="Tryitfree" time="9.882" classname="com.attends.TestCases.TryItFree"/>
</testsuite> <!-- com.attends.TestCases.TryItFree -->
