<?xml version="1.0" encoding="UTF-8"?>
<!-- Generated by org.testng.reporters.JUnitReportReporter -->
<testsuite hostname="LTIN339106" name="com.attends.TestCases.SignupForCreateAccount" tests="1" failures="0" timestamp="1 Dec 2021 06:06:59 GMT" time="63.201" errors="0">
  <testcase name="signUp" time="63.201" classname="com.attends.TestCases.SignupForCreateAccount"/>
</testsuite> <!-- com.attends.TestCases.SignupForCreateAccount -->
