<?xml version="1.0" encoding="UTF-8"?>
<!-- Generated by org.testng.reporters.JUnitReportReporter -->
<testsuite hostname="LTIN339106" name="com.attends.TestCases.CareGiversPageTest" tests="1" failures="0" timestamp="26 Nov 2021 07:51:47 GMT" time="8.812" errors="0">
  <testcase name="caregivers" time="8.812" classname="com.attends.TestCases.CareGiversPageTest"/>
</testsuite> <!-- com.attends.TestCases.CareGiversPageTest -->
