<?xml version="1.0" encoding="UTF-8"?>
<!-- Generated by org.testng.reporters.JUnitReportReporter -->
<testsuite hostname="LTIN339106" name="com.attends.TestCases.ProductsPageTest" tests="1" failures="0" timestamp="1 Dec 2021 06:06:59 GMT" time="28.919" errors="0">
  <testcase name="products" time="28.919" classname="com.attends.TestCases.ProductsPageTest"/>
</testsuite> <!-- com.attends.TestCases.ProductsPageTest -->
