<?xml version="1.0" encoding="UTF-8"?>
<!-- Generated by org.testng.reporters.JUnitReportReporter -->
<testsuite hostname="LTIN339106" name="com.attends.TestCases.HeaderPageTest" tests="1" failures="0" timestamp="1 Dec 2021 06:06:59 GMT" time="7.389" errors="0">
  <testcase name="header" time="7.389" classname="com.attends.TestCases.HeaderPageTest"/>
</testsuite> <!-- com.attends.TestCases.HeaderPageTest -->
