<?xml version="1.0" encoding="UTF-8"?>
<!-- Generated by org.testng.reporters.JUnitReportReporter -->
<testsuite hostname="LTIN339106" name="com.attends.TestCases.DropDownPageTest" tests="1" failures="0" timestamp="1 Dec 2021 06:06:59 GMT" time="17.019" errors="0">
  <testcase name="dropdown" time="17.019" classname="com.attends.TestCases.DropDownPageTest"/>
</testsuite> <!-- com.attends.TestCases.DropDownPageTest -->
