<?xml version="1.0" encoding="UTF-8"?>
<!-- Generated by org.testng.reporters.JUnitReportReporter -->
<testsuite hostname="LTIN339106" name="com.attends.TestCases.FooterpageTest" tests="1" failures="0" timestamp="1 Dec 2021 06:06:59 GMT" time="26.853" errors="0">
  <testcase name="footer" time="26.853" classname="com.attends.TestCases.FooterpageTest"/>
</testsuite> <!-- com.attends.TestCases.FooterpageTest -->
