<?xml version="1.0" encoding="UTF-8"?>
<!-- Generated by org.testng.reporters.JUnitReportReporter -->
<testsuite hostname="LTIN339106" name="com.attends.TestCases.ForMePageTest" tests="1" failures="0" timestamp="1 Dec 2021 06:06:59 GMT" time="20.258" errors="0">
  <testcase name="forMe" time="20.258" classname="com.attends.TestCases.ForMePageTest"/>
</testsuite> <!-- com.attends.TestCases.ForMePageTest -->
